Determining if the pthread_create exist failed with the following output:
Change Dir: /home/quique/src/conservator/examples/clean/build/CMakeFiles/CMakeTmp

Run Build Command:"/usr/bin/make" "cmTryCompileExec2692668382/fast"
/usr/bin/make -f CMakeFiles/cmTryCompileExec2692668382.dir/build.make CMakeFiles/cmTryCompileExec2692668382.dir/build
make[1]: Entering directory `/home/quique/src/conservator/examples/clean/build/CMakeFiles/CMakeTmp'
/usr/local/bin/cmake -E cmake_progress_report /home/quique/src/conservator/examples/clean/build/CMakeFiles/CMakeTmp/CMakeFiles 1
Building C object CMakeFiles/cmTryCompileExec2692668382.dir/CheckSymbolExists.c.o
/usr/bin/cc    -o CMakeFiles/cmTryCompileExec2692668382.dir/CheckSymbolExists.c.o   -c /home/quique/src/conservator/examples/clean/build/CMakeFiles/CMakeTmp/CheckSymbolExists.c
Linking C executable cmTryCompileExec2692668382
/usr/local/bin/cmake -E cmake_link_script CMakeFiles/cmTryCompileExec2692668382.dir/link.txt --verbose=1
/usr/bin/cc       CMakeFiles/cmTryCompileExec2692668382.dir/CheckSymbolExists.c.o  -o cmTryCompileExec2692668382 -rdynamic 
CMakeFiles/cmTryCompileExec2692668382.dir/CheckSymbolExists.c.o: In function `main':
CheckSymbolExists.c:(.text+0x16): undefined reference to `pthread_create'
collect2: error: ld returned 1 exit status
make[1]: *** [cmTryCompileExec2692668382] Error 1
make[1]: Leaving directory `/home/quique/src/conservator/examples/clean/build/CMakeFiles/CMakeTmp'
make: *** [cmTryCompileExec2692668382/fast] Error 2

File /home/quique/src/conservator/examples/clean/build/CMakeFiles/CMakeTmp/CheckSymbolExists.c:
/* */
#include <pthread.h>

int main(int argc, char** argv)
{
  (void)argv;
#ifndef pthread_create
  return ((int*)(&pthread_create))[argc];
#else
  (void)argc;
  return 0;
#endif
}

Determining if the function pthread_create exists in the pthreads failed with the following output:
Change Dir: /home/quique/src/conservator/examples/clean/build/CMakeFiles/CMakeTmp

Run Build Command:"/usr/bin/make" "cmTryCompileExec2021107384/fast"
/usr/bin/make -f CMakeFiles/cmTryCompileExec2021107384.dir/build.make CMakeFiles/cmTryCompileExec2021107384.dir/build
make[1]: Entering directory `/home/quique/src/conservator/examples/clean/build/CMakeFiles/CMakeTmp'
/usr/local/bin/cmake -E cmake_progress_report /home/quique/src/conservator/examples/clean/build/CMakeFiles/CMakeTmp/CMakeFiles 1
Building C object CMakeFiles/cmTryCompileExec2021107384.dir/CheckFunctionExists.c.o
/usr/bin/cc   -DCHECK_FUNCTION_EXISTS=pthread_create   -o CMakeFiles/cmTryCompileExec2021107384.dir/CheckFunctionExists.c.o   -c /usr/local/share/cmake-3.2/Modules/CheckFunctionExists.c
Linking C executable cmTryCompileExec2021107384
/usr/local/bin/cmake -E cmake_link_script CMakeFiles/cmTryCompileExec2021107384.dir/link.txt --verbose=1
/usr/bin/cc   -DCHECK_FUNCTION_EXISTS=pthread_create    CMakeFiles/cmTryCompileExec2021107384.dir/CheckFunctionExists.c.o  -o cmTryCompileExec2021107384 -rdynamic -lpthreads 
/usr/bin/ld: cannot find -lpthreads
collect2: error: ld returned 1 exit status
make[1]: Leaving directory `/home/quique/src/conservator/examples/clean/build/CMakeFiles/CMakeTmp'
make[1]: *** [cmTryCompileExec2021107384] Error 1
make: *** [cmTryCompileExec2021107384/fast] Error 2


